  Creating makefile for CCodeEditor (game project files are newer)
  Parsing headers for CCodeEditor
    Running UnrealHeaderTool "D:\Projets Unreal\CCode\CCode.uproject" "D:\Projets Unreal\CCode\Intermediate\Build\Win64\CCodeEditor\Development\CCodeEditor.uhtmanifest" -LogCmds="loginit warning, logexit warning, logdatabase error" -Unattended -WarningsAsErrors -abslog="C:\Users\Francois\AppData\Local\UnrealBuildTool\Log_UHT.txt" -installed
  LogInit: Display: Loading text-based GConfig....
  Reflection code generated for CCodeEditor in 5,8596829 seconds
  Building CCodeEditor...
  Using Visual Studio 2019 14.29.30141 toolchain (C:\Program Files (x86)\Microsoft Visual Studio\2019\Community\VC\Tools\MSVC\14.29.30133) and Windows 10.0.16299.0 SDK (C:\Program Files (x86)\Windows Kits\10).
  Building 8 actions with 8 processes...
    [1/8] RotatorCubeSystem.cpp
    [2/8] MyTriggerVolume.cpp
    [3/8] RotatorCubeSystem.gen.cpp
    [4/8] CPlayerController.gen.cpp
    [5/8] CPlayerController.cpp
    [6/8] UE4Editor-CCode-0159.lib
       Création de la bibliothèque D:\Projets Unreal\CCode\Intermediate\Build\Win64\UE4Editor\Development\CCode\UE4Editor-CCode-0159.lib et de l'objet D:\Projets Unreal\CCode\Intermediate\Build\Win64\UE4Editor\Development\CCode\UE4Editor-CCode-0159.exp
    [7/8] UE4Editor-CCode-0159.dll
       Création de la bibliothèque D:\Projets Unreal\CCode\Intermediate\Build\Win64\UE4Editor\Development\CCode\UE4Editor-CCode-0159.suppressed.lib et de l'objet D:\Projets Unreal\CCode\Intermediate\Build\Win64\UE4Editor\Development\CCode\UE4Editor-CCode-0159.suppressed.exp
    [8/8] CCodeEditor.target
  Total time in Parallel executor: 2,53 seconds
  Total execution time: 13,03 seconds
